\BOOKMARK [0][-]{chapter.1}{\376\377\000I\000n\000t\000r\000o\000d\000u\000\347\000\343\000o}{}% 1
\BOOKMARK [0][-]{chapter.2}{\376\377\000Q\000u\000a\000l\000i\000d\000a\000d\000e\000\040\000d\000a\000\040\000E\000n\000e\000r\000g\000i\000a\000\040\000E\000l\000\351\000t\000r\000i\000c\000a}{}% 2
\BOOKMARK [1][-]{section.2.1}{\376\377\000Q\000E\000E\000\040\000e\000\040\000E\000E}{chapter.2}% 3
\BOOKMARK [1][-]{section.2.2}{\376\377\000N\000o\000r\000m\000a\000s\000\040\000B\000r\000a\000s\000i\000l\000e\000i\000r\000a\000s}{chapter.2}% 4
\BOOKMARK [1][-]{section.2.3}{\376\377\000D\000i\000s\000t\000\372\000r\000b\000i\000o\000s\000\040\000E\000l\000\351\000t\000r\000o\000m\000a\000g\000n\000e\000t\000i\000c\000o\000s}{chapter.2}% 5
\BOOKMARK [2][-]{subsection.2.3.1}{\376\377\000T\000r\000a\000n\000s\000i\000t\000\363\000r\000i\000o\000s}{section.2.3}% 6
\BOOKMARK [2][-]{subsection.2.3.2}{\376\377\000V\000a\000r\000i\000a\000\347\000\365\000e\000s\000\040\000d\000e\000\040\000t\000e\000n\000s\000\343\000o}{section.2.3}% 7
\BOOKMARK [2][-]{subsection.2.3.3}{\376\377\000D\000i\000s\000t\000o\000r\000\347\000\365\000e\000s\000\040\000d\000a\000\040\000F\000o\000r\000m\000a\000\040\000d\000e\000\040\000O\000n\000d\000a\000\040\000e\000\040\000H\000a\000r\000m\000\364\000n\000i\000c\000o\000s}{section.2.3}% 8
\BOOKMARK [2][-]{subsection.2.3.4}{\376\377\000D\000e\000s\000e\000q\000u\000i\000l\000\355\000b\000r\000i\000o\000s\000\040\000d\000e\000\040\000T\000e\000n\000s\000\343\000o}{section.2.3}% 9
\BOOKMARK [2][-]{subsection.2.3.5}{\376\377\000V\000a\000r\000i\000a\000\347\000\365\000e\000s\000\040\000n\000a\000\040\000F\000r\000e\000q\000u\000\352\000n\000c\000i\000a\000\040\000d\000o\000\040\000S\000i\000s\000t\000e\000m\000a\000\040\000E\000l\000\351\000t\000r\000i\000c\000o}{section.2.3}% 10
\BOOKMARK [1][-]{section.2.4}{\376\377\000Q\000u\000a\000n\000t\000i\000f\000i\000c\000a\000\347\000\343\000o\000\040\000d\000e\000\040\000Q\000E\000E\000\040\000\050\000C\000a\000u\000s\000a\000s\000,\000\040\000O\000r\000i\000g\000e\000n\000s\000\040\000e\000\040\000E\000f\000e\000i\000t\000o\000s\000\051}{chapter.2}% 11
\BOOKMARK [0][-]{chapter.3}{\376\377\000A\000n\000\341\000l\000i\000s\000e\000\040\000d\000e\000\040\000S\000i\000n\000a\000i\000s}{}% 12
\BOOKMARK [1][-]{section.3.1}{\376\377\000A\000m\000o\000s\000t\000r\000a\000g\000e\000m\000\040\000d\000e\000\040\000d\000a\000d\000o\000s}{chapter.3}% 13
\BOOKMARK [1][-]{section.3.2}{\376\377\000M\000\351\000t\000o\000d\000o\000s\000\040\000b\000a\000s\000e\000a\000d\000o\000s\000\040\000e\000m\000\040\000a\000n\000\341\000l\000i\000s\000e\000\040\000d\000e\000\040\000s\000i\000n\000a\000i\000s}{chapter.3}% 14
\BOOKMARK [2][-]{subsection.3.2.1}{\376\377\000M\000\351\000t\000o\000d\000o\000\040\000b\000a\000s\000e\000a\000d\000o\000\040\000n\000o\000\040\000c\000\341\000l\000c\000u\000l\000o\000\040\000d\000o\000\040\000V\000a\000l\000o\000r\000\040\000R\000M\000S}{section.3.2}% 15
\BOOKMARK [2][-]{subsection.3.2.2}{\376\377\000M\000\351\000t\000o\000d\000o\000\040\000b\000a\000s\000e\000a\000d\000o\000\040\000n\000a\000\040\000a\000p\000l\000i\000c\000a\000\347\000\343\000o\000\040\000d\000a\000\040\000T\000r\000a\000n\000s\000f\000o\000r\000m\000a\000d\000a\000\040\000D\000i\000s\000c\000r\000e\000t\000a\000\040\000d\000e\000\040\000F\000o\000u\000r\000i\000e\000r}{section.3.2}% 16
\BOOKMARK [2][-]{subsection.3.2.3}{\376\377\000M\000\351\000t\000o\000d\000o\000\040\000b\000a\000s\000e\000a\000d\000o\000\040\000n\000a\000\040\000a\000p\000l\000i\000c\000a\000\347\000\343\000o\000\040\000d\000a\000\040\000T\000r\000a\000n\000s\000f\000o\000r\000m\000a\000d\000a\000\040\000W\000a\000v\000e\000l\000e\000t}{section.3.2}% 17
\BOOKMARK [2][-]{subsection.3.2.4}{\376\377\000F\000i\000l\000t\000r\000a\000g\000e\000m\000\040\000e\000\040\000d\000e\000c\000o\000m\000p\000o\000s\000i\000\347\000\343\000o\000\040\000d\000e\000\040\000s\000i\000n\000a\000i\000s}{section.3.2}% 18
\BOOKMARK [0][-]{chapter.4}{\376\377\000S\000i\000s\000t\000e\000m\000a\000s\000\040\000C\000o\000m\000p\000u\000t\000a\000c\000i\000o\000n\000a\000i\000s}{}% 19
\BOOKMARK [1][-]{section.4.1}{\376\377\000S\000i\000s\000t\000e\000m\000a\000s\000\040\000c\000e\000n\000t\000r\000a\000l\000i\000z\000a\000d\000o\000s\000,\000\040\000d\000e\000s\000c\000e\000n\000t\000r\000a\000l\000i\000z\000a\000d\000o\000s\000\040\000e\000\040\000d\000i\000s\000t\000r\000i\000b\000u\000\355\000d\000o\000s}{chapter.4}% 20
\BOOKMARK [2][-]{subsection.4.1.1}{\376\377\000S\000i\000s\000t\000e\000m\000a\000s\000\040\000e\000m\000b\000a\000r\000c\000a\000d\000o\000s}{section.4.1}% 21
\BOOKMARK [1][-]{section.4.2}{\376\377\000A\000l\000g\000o\000r\000i\000t\000m\000o\000s\000\040\000d\000e\000\040\000t\000o\000m\000a\000d\000a\000\040\000d\000e\000\040\000d\000e\000c\000i\000s\000\343\000o}{chapter.4}% 22
\BOOKMARK [2][-]{subsection.4.2.1}{\376\377\000A\000l\000g\000o\000r\000i\000t\000m\000o\000s\000\040\000d\000i\000s\000t\000r\000i\000b\000u\000\355\000d\000o\000s}{section.4.2}% 23
\BOOKMARK [2][-]{subsection.4.2.2}{\376\377\000A\000l\000g\000o\000r\000i\000t\000m\000o\000s\000\040\000c\000e\000n\000t\000r\000a\000l\000i\000z\000a\000d\000o\000s}{section.4.2}% 24
\BOOKMARK [1][-]{section.4.3}{\376\377\000M\000o\000d\000e\000l\000a\000g\000e\000m\000\040\000m\000a\000t\000e\000m\000\341\000t\000i\000c\000a\000\040\000e\000\040\000s\000i\000m\000u\000l\000a\000\347\000\343\000o\000\040\000d\000e\000\040\000s\000i\000s\000t\000e\000m\000a\000s}{chapter.4}% 25
\BOOKMARK [0][-]{chapter*.53}{\376\377\000G\000L\000O\000S\000S\000\301\000R\000I\000O}{}% 26
\BOOKMARK [0][-]{chapter*.55}{\376\377\000R\000e\000f\000e\000r\000\352\000n\000c\000i\000a\000s}{}% 27
\BOOKMARK [0][-]{chapter*.56}{\376\377\000T\000o\000d\000o\000\040\000l\000i\000s\000t}{}% 28
